{
  "RSpec": {
    "coverage": {
      "/Users/jhoogst2/Dropbox/webdev/rails_projects/mo2/app/controllers/application_controller.rb": [
        1,
        1,
        1,
        1,
        null,
        1,
        9,
        null,
        null
      ],
      "/Users/jhoogst2/Dropbox/webdev/rails_projects/mo2/app/helpers/application_helper.rb": [
        1,
        null,
        null,
        1,
        79,
        79,
        49,
        null,
        30,
        null,
        null,
        null
      ],
      "/Users/jhoogst2/Dropbox/webdev/rails_projects/mo2/app/helpers/articles_helper.rb": [
        1,
        null
      ],
      "/Users/jhoogst2/Dropbox/webdev/rails_projects/mo2/app/helpers/sessions_helper.rb": [
        1,
        1,
        30,
        30,
        null,
        null,
        1,
        163,
        null,
        null,
        1,
        31,
        null,
        null,
        1,
        null,
        350,
        null,
        null,
        1,
        21,
        null,
        null,
        1,
        1,
        1,
        null,
        null,
        1,
        59,
        null,
        null
      ],
      "/Users/jhoogst2/Dropbox/webdev/rails_projects/mo2/app/helpers/users_helper.rb": [
        1,
        null,
        null,
        1,
        52,
        52,
        52,
        52,
        null,
        null
      ],
      "/Users/jhoogst2/Dropbox/webdev/rails_projects/mo2/app/controllers/articles_controller.rb": [
        1,
        1,
        1,
        null,
        1,
        8,
        null,
        null,
        1,
        null,
        null,
        1,
        null,
        null,
        1,
        null,
        null,
        1,
        7,
        7,
        3,
        null,
        4,
        null,
        null,
        null,
        1,
        null,
        null,
        1,
        null,
        null,
        null
      ],
      "/Users/jhoogst2/Dropbox/webdev/rails_projects/mo2/app/models/article.rb": [
        1,
        1,
        1,
        1,
        1,
        1,
        null,
        null,
        1,
        1,
        null,
        1,
        null,
        1,
        null,
        1,
        null,
        1,
        1,
        1,
        null,
        1,
        null,
        26,
        null,
        1,
        1,
        20,
        null,
        null
      ],
      "/Users/jhoogst2/Dropbox/webdev/rails_projects/mo2/app/controllers/identities_controller.rb": [
        1,
        1,
        null,
        1,
        6,
        null,
        null
      ],
      "/Users/jhoogst2/Dropbox/webdev/rails_projects/mo2/app/models/identity.rb": [
        1,
        1,
        1,
        null,
        1,
        1,
        1,
        null,
        1,
        1,
        null,
        8,
        null,
        1,
        1,
        1,
        null,
        1,
        1,
        null
      ],
      "/Users/jhoogst2/Dropbox/webdev/rails_projects/mo2/app/controllers/sessions_controller.rb": [
        1,
        1,
        null,
        1,
        null,
        null,
        1,
        null,
        25,
        25,
        null,
        25,
        null,
        2,
        null,
        2,
        null,
        2,
        null,
        null,
        23,
        null,
        null,
        23,
        null,
        23,
        23,
        null,
        null,
        null,
        1,
        1,
        1,
        null,
        null,
        1,
        1,
        null,
        null
      ],
      "/Users/jhoogst2/Dropbox/webdev/rails_projects/mo2/app/controllers/static_pages_controller.rb": [
        1,
        1,
        null,
        1,
        null,
        null,
        1,
        null,
        null,
        null,
        null,
        null,
        null,
        null,
        null,
        null,
        null,
        null,
        null,
        null
      ],
      "/Users/jhoogst2/Dropbox/webdev/rails_projects/mo2/app/controllers/users_controller.rb": [
        1,
        1,
        1,
        null,
        1,
        9,
        null,
        null,
        1,
        11,
        null,
        null,
        1,
        null,
        null,
        1,
        8,
        8,
        7,
        7,
        7,
        7,
        7,
        null,
        1,
        null,
        null,
        null,
        1,
        3,
        3,
        3,
        null,
        null
      ],
      "/Users/jhoogst2/Dropbox/webdev/rails_projects/mo2/app/models/user.rb": [
        1,
        1,
        1,
        1,
        1,
        1,
        null,
        1,
        1,
        1,
        1,
        1,
        1,
        null,
        1,
        1,
        null,
        1,
        1,
        null,
        1,
        null,
        1,
        1,
        null,
        null,
        1,
        null,
        194,
        194,
        null,
        1,
        null,
        1,
        null,
        2,
        2,
        null,
        null,
        null,
        null,
        null,
        1,
        88,
        null,
        null,
        null,
        1,
        182,
        182,
        null,
        null,
        null,
        1,
        1,
        null,
        null,
        1,
        1,
        193,
        null,
        null,
        null,
        null,
        null,
        null,
        null,
        null,
        null,
        null,
        null,
        null,
        null,
        null,
        null,
        null
      ],
      "/Users/jhoogst2/Dropbox/webdev/rails_projects/mo2/app/models/ability.rb": [
        1,
        1,
        1,
        89,
        130,
        null,
        89,
        48,
        48,
        17,
        null,
        null,
        null,
        null,
        1,
        41,
        41,
        5,
        null,
        41,
        null,
        null
      ],
      "/Users/jhoogst2/Dropbox/webdev/rails_projects/mo2/app/models/authorization.rb": [
        1,
        1,
        null,
        1,
        1,
        null,
        1,
        1,
        null,
        1,
        null,
        1,
        null,
        1,
        23,
        20,
        null,
        null,
        null,
        null,
        20,
        null,
        null,
        null,
        23,
        null,
        null,
        1,
        3,
        null,
        null
      ]
    },
    "timestamp": 1346617570
  }
}
